<?xml version="1.0" encoding="UTF-8" standalone="yes"?><!DOCTYPE report PUBLIC "-//JACOCO//DTD Report 1.0//EN" "report.dtd"><report name="cucumber-reporting"><sessioninfo id="DESKTOP-C3UG4MO-a03afccf" start="1609779537121" dump="1609779537611"/><sessioninfo id="DESKTOP-C3UG4MO-b60d0709" start="1609780655480" dump="1609780656055"/><sessioninfo id="DESKTOP-C3UG4MO-ec469a06" start="1609781779278" dump="1609781779785"/><sessioninfo id="DESKTOP-C3UG4MO-60888767" start="1609783548239" dump="1609783548770"/><sessioninfo id="DESKTOP-C3UG4MO-87836ea7" start="1609784065348" dump="1609784065935"/><sessioninfo id="DESKTOP-C3UG4MO-a682736a" start="1609784731761" dump="1609784732259"/><sessioninfo id="DESKTOP-C3UG4MO-2bd36c46" start="1609784947660" dump="1609784948172"/><sessioninfo id="DESKTOP-C3UG4MO-ea171f17" start="1609785687083" dump="1609785687609"/><sessioninfo id="DESKTOP-C3UG4MO-d6abee9d" start="1609786434794" dump="1609786435364"/><sessioninfo id="DESKTOP-C3UG4MO-a2f8d4f5" start="1609786523643" dump="1609786524127"/><sessioninfo id="DESKTOP-C3UG4MO-9a570714" start="1609790875073" dump="1609790875560"/><sessioninfo id="DESKTOP-C3UG4MO-fb06dd46" start="1609792715545" dump="1609792716057"/><sessioninfo id="DESKTOP-C3UG4MO-cef13639" start="1609793029571" dump="1609793030183"/><sessioninfo id="DESKTOP-C3UG4MO-3e74ee24" start="1609793706092" dump="1609793706588"/><sessioninfo id="DESKTOP-C3UG4MO-4ec5b0fd" start="1609793807358" dump="1609793807983"/><sessioninfo id="DESKTOP-C3UG4MO-5710288b" start="1609880423829" dump="1609880424310"/><package name="com/buyrentbdmvn/com/buyrentbdmvn"><class name="com/buyrentbdmvn/com/buyrentbdmvn/App"><method name="&lt;init&gt;" desc="()V" line="7"><counter type="INSTRUCTION" missed="3" covered="0"/><counter type="LINE" missed="1" covered="0"/><counter type="COMPLEXITY" missed="1" covered="0"/><counter type="METHOD" missed="1" covered="0"/></method><method name="main" desc="([Ljava/lang/String;)V" line="11"><counter type="INSTRUCTION" missed="4" covered="0"/><counter type="LINE" missed="2" covered="0"/><counter type="COMPLEXITY" missed="1" covered="0"/><counter type="METHOD" missed="1" covered="0"/></method><counter type="INSTRUCTION" missed="7" covered="0"/><counter type="LINE" missed="3" covered="0"/><counter type="COMPLEXITY" missed="2" covered="0"/><counter type="METHOD" missed="2" covered="0"/><counter type="CLASS" missed="1" covered="0"/></class><sourcefile name="App.java"><line nr="7" mi="3" ci="0" mb="0" cb="0"/><line nr="11" mi="3" ci="0" mb="0" cb="0"/><line nr="12" mi="1" ci="0" mb="0" cb="0"/><counter type="INSTRUCTION" missed="7" covered="0"/><counter type="LINE" missed="3" covered="0"/><counter type="COMPLEXITY" missed="2" covered="0"/><counter type="METHOD" missed="2" covered="0"/><counter type="CLASS" missed="1" covered="0"/></sourcefile><counter type="INSTRUCTION" missed="7" covered="0"/><counter type="LINE" missed="3" covered="0"/><counter type="COMPLEXITY" missed="2" covered="0"/><counter type="METHOD" missed="2" covered="0"/><counter type="CLASS" missed="1" covered="0"/></package><counter type="INSTRUCTION" missed="7" covered="0"/><counter type="LINE" missed="3" covered="0"/><counter type="COMPLEXITY" missed="2" covered="0"/><counter type="METHOD" missed="2" covered="0"/><counter type="CLASS" missed="1" covered="0"/></report>